[debug] [2026-07-20T03:56:06.524Z] ----------------------------------------------------------------------
[debug] [2026-07-20T03:56:06.528Z] Command:       /Users/muhtasimhaq/.nvm/versions/node/v24.17.0/bin/node /Users/muhtasimhaq/.nvm/versions/node/v24.17.0/bin/firebase deploy --only functions:notifyOnApproval
[debug] [2026-07-20T03:56:06.528Z] CLI Version:   15.23.0
[debug] [2026-07-20T03:56:06.528Z] Platform:      darwin
[debug] [2026-07-20T03:56:06.529Z] Node Version:  v24.17.0
[debug] [2026-07-20T03:56:06.529Z] Detected Agent: unknown
[debug] [2026-07-20T03:56:06.529Z] Time:          Sun Jul 19 2026 23:56:06 GMT-0400 (Eastern Daylight Time)
[debug] [2026-07-20T03:56:06.529Z] ----------------------------------------------------------------------
[debug] 
[debug] [2026-07-20T03:56:07.238Z] > command requires scopes: ["email","openid","https://www.googleapis.com/auth/cloudplatformprojects.readonly","https://www.googleapis.com/auth/firebase","https://www.googleapis.com/auth/cloud-platform"]
[debug] [2026-07-20T03:56:07.238Z] > authorizing via signed-in user (muhtasimhaqinfo@gmail.com)
[debug] [2026-07-20T03:56:07.238Z] [iam] checking project squad-calendar-33507 for permissions ["cloudfunctions.functions.create","cloudfunctions.functions.delete","cloudfunctions.functions.get","cloudfunctions.functions.list","cloudfunctions.functions.update","cloudfunctions.operations.get","firebase.projects.get"]
[debug] [2026-07-20T03:56:07.248Z] Checked if tokens are valid: true, expires at: 1784522058779
[debug] [2026-07-20T03:56:07.248Z] Checked if tokens are valid: true, expires at: 1784522058779
[debug] [2026-07-20T03:56:07.249Z] >>> [apiv2][query] POST https://cloudresourcemanager.googleapis.com/v1/projects/squad-calendar-33507:testIamPermissions [none]
[debug] [2026-07-20T03:56:07.249Z] >>> [apiv2][(partial)header] POST https://cloudresourcemanager.googleapis.com/v1/projects/squad-calendar-33507:testIamPermissions  x-goog-user-project=squad-calendar-33507
[debug] [2026-07-20T03:56:07.249Z] >>> [apiv2][body] POST https://cloudresourcemanager.googleapis.com/v1/projects/squad-calendar-33507:testIamPermissions {"permissions":["cloudfunctions.functions.create","cloudfunctions.functions.delete","cloudfunctions.functions.get","cloudfunctions.functions.list","cloudfunctions.functions.update","cloudfunctions.operations.get","firebase.projects.get"]}
[debug] [2026-07-20T03:56:07.575Z] <<< [apiv2][status] POST https://cloudresourcemanager.googleapis.com/v1/projects/squad-calendar-33507:testIamPermissions 200
[debug] [2026-07-20T03:56:07.575Z] <<< [apiv2][body] POST https://cloudresourcemanager.googleapis.com/v1/projects/squad-calendar-33507:testIamPermissions {"permissions":["cloudfunctions.functions.create","cloudfunctions.functions.delete","cloudfunctions.functions.get","cloudfunctions.functions.list","cloudfunctions.functions.update","cloudfunctions.operations.get","firebase.projects.get"]}
[debug] [2026-07-20T03:56:07.575Z] Checked if tokens are valid: true, expires at: 1784522058779
[debug] [2026-07-20T03:56:07.575Z] Checked if tokens are valid: true, expires at: 1784522058779
[debug] [2026-07-20T03:56:07.575Z] >>> [apiv2][query] POST https://iam.googleapis.com/v1/projects/squad-calendar-33507/serviceAccounts/squad-calendar-33507@appspot.gserviceaccount.com:testIamPermissions [none]
[debug] [2026-07-20T03:56:07.575Z] >>> [apiv2][body] POST https://iam.googleapis.com/v1/projects/squad-calendar-33507/serviceAccounts/squad-calendar-33507@appspot.gserviceaccount.com:testIamPermissions {"permissions":["iam.serviceAccounts.actAs"]}
[debug] [2026-07-20T03:56:07.825Z] <<< [apiv2][status] POST https://iam.googleapis.com/v1/projects/squad-calendar-33507/serviceAccounts/squad-calendar-33507@appspot.gserviceaccount.com:testIamPermissions 200
[debug] [2026-07-20T03:56:07.825Z] <<< [apiv2][body] POST https://iam.googleapis.com/v1/projects/squad-calendar-33507/serviceAccounts/squad-calendar-33507@appspot.gserviceaccount.com:testIamPermissions {"permissions":["iam.serviceAccounts.actAs"]}
[info] 
[info] === Deploying to 'squad-calendar-33507'...
[info] 
[info] i  deploying functions 
[debug] [2026-07-20T03:56:07.830Z] Checked if tokens are valid: true, expires at: 1784522058779
[debug] [2026-07-20T03:56:07.830Z] Checked if tokens are valid: true, expires at: 1784522058779
[debug] [2026-07-20T03:56:07.830Z] >>> [apiv2][query] GET https://cloudresourcemanager.googleapis.com/v1/projects/squad-calendar-33507 [none]
[debug] [2026-07-20T03:56:07.944Z] <<< [apiv2][status] GET https://cloudresourcemanager.googleapis.com/v1/projects/squad-calendar-33507 200
[debug] [2026-07-20T03:56:07.944Z] <<< [apiv2][body] GET https://cloudresourcemanager.googleapis.com/v1/projects/squad-calendar-33507 {"projectNumber":"680912216838","projectId":"squad-calendar-33507","lifecycleState":"ACTIVE","name":"squad-calendar","labels":{"firebase":"enabled","firebase-core":"disabled"},"createTime":"2026-05-29T02:15:43.757Z"}
[info] i  functions: preparing codebase default for deployment 
[info] i  functions: ensuring required API cloudfunctions.googleapis.com is enabled... 
[info] i  functions: ensuring required API cloudbuild.googleapis.com is enabled... 
[info] i  artifactregistry: ensuring required API artifactregistry.googleapis.com is enabled... 
[debug] [2026-07-20T03:56:07.946Z] Checked if tokens are valid: true, expires at: 1784522058779
[debug] [2026-07-20T03:56:07.946Z] Checked if tokens are valid: true, expires at: 1784522058779
[debug] [2026-07-20T03:56:07.946Z] >>> [apiv2][query] GET https://firebase.googleapis.com/v1beta1/projects/squad-calendar-33507/adminSdkConfig [none]
[debug] [2026-07-20T03:56:08.433Z] <<< [apiv2][status] GET https://firebase.googleapis.com/v1beta1/projects/squad-calendar-33507/adminSdkConfig 200
[debug] [2026-07-20T03:56:08.433Z] <<< [apiv2][body] GET https://firebase.googleapis.com/v1beta1/projects/squad-calendar-33507/adminSdkConfig {"projectId":"squad-calendar-33507","storageBucket":"squad-calendar-33507.firebasestorage.app"}
[debug] [2026-07-20T03:56:08.434Z] Validating nodejs source
[warn] ⚠  functions: package.json indicates an outdated version of firebase-functions. Please upgrade using npm install --save firebase-functions@latest in your functions directory. 
[debug] [2026-07-20T03:56:08.939Z] > [functions] package.json contents: {
  "name": "functions",
  "description": "Cloud Functions for Firebase",
  "scripts": {
    "serve": "firebase emulators:start --only functions",
    "shell": "firebase functions:shell",
    "start": "npm run shell",
    "deploy": "firebase deploy --only functions",
    "logs": "firebase functions:log"
  },
  "engines": {
    "node": "24"
  },
  "main": "index.js",
  "dependencies": {
    "firebase-admin": "^13.6.0",
    "firebase-functions": "^7.0.0",
    "twilio": "^6.0.2"
  },
  "devDependencies": {
    "firebase-functions-test": "^3.4.1"
  },
  "private": true
}
[debug] [2026-07-20T03:56:08.939Z] Building nodejs source
[info] i  functions: Loading and analyzing source code for codebase default to determine what to deploy 
[debug] [2026-07-20T03:56:08.940Z] Could not find functions.yaml. Must use http discovery
[debug] [2026-07-20T03:56:08.944Z] Found firebase-functions binary at '/Users/muhtasimhaq/Documents/Computer science/HTML/squad-calendar/functions/node_modules/.bin/firebase-functions'
[info] Serving at port 8216

[debug] [2026-07-20T03:56:09.242Z] Got response from /__/functions.yaml {"endpoints":{"notifyOnApproval":{"availableMemoryMb":null,"timeoutSeconds":null,"minInstances":null,"maxInstances":10,"ingressSettings":null,"concurrency":null,"serviceAccountEmail":null,"vpc":null,"platform":"gcfv2","labels":{},"eventTrigger":{"eventType":"google.cloud.firestore.document.v1.updated","eventFilters":{"database":"(default)","namespace":"(default)"},"eventFilterPathPatterns":{"document":"events/{eventId}"},"retry":false},"entryPoint":"notifyOnApproval"},"notifyOnCreate":{"availableMemoryMb":null,"timeoutSeconds":null,"minInstances":null,"maxInstances":10,"ingressSettings":null,"concurrency":null,"serviceAccountEmail":null,"vpc":null,"platform":"gcfv2","labels":{},"eventTrigger":{"eventType":"google.cloud.firestore.document.v1.created","eventFilters":{"database":"(default)","namespace":"(default)"},"eventFilterPathPatterns":{"document":"events/{eventId}"},"retry":false},"entryPoint":"notifyOnCreate"},"sendDailyReminders":{"availableMemoryMb":null,"timeoutSeconds":null,"minInstances":null,"maxInstances":10,"ingressSettings":null,"concurrency":null,"serviceAccountEmail":null,"vpc":null,"platform":"gcfv2","labels":{},"scheduleTrigger":{"schedule":"0 17 * * *","retryConfig":{},"timeZone":"America/New_York"},"entryPoint":"sendDailyReminders"},"sendSmsReminders":{"availableMemoryMb":null,"timeoutSeconds":null,"minInstances":null,"maxInstances":10,"ingressSettings":null,"concurrency":null,"serviceAccountEmail":null,"vpc":null,"platform":"gcfv2","labels":{},"scheduleTrigger":{"schedule":"0 17 * * *","retryConfig":{},"timeZone":"America/New_York"},"entryPoint":"sendSmsReminders"},"sendCustomSms":{"availableMemoryMb":null,"timeoutSeconds":null,"minInstances":null,"maxInstances":10,"ingressSettings":null,"concurrency":null,"serviceAccountEmail":null,"vpc":null,"platform":"gcfv2","labels":{},"callableTrigger":{},"entryPoint":"sendCustomSms"}},"specVersion":"v1alpha1","requiredAPIs":[{"api":"cloudscheduler.googleapis.com","reason":"Needed for scheduled functions."}],"extensions":{}}
[debug] [2026-07-20T03:56:12.270Z] Checked if tokens are valid: true, expires at: 1784522058779
[debug] [2026-07-20T03:56:12.270Z] Checked if tokens are valid: true, expires at: 1784522058779
[debug] [2026-07-20T03:56:12.270Z] >>> [apiv2][query] GET https://cloudfunctions.googleapis.com/v1/projects/squad-calendar-33507/locations/-/functions [none]
[debug] [2026-07-20T03:56:12.840Z] <<< [apiv2][status] GET https://cloudfunctions.googleapis.com/v1/projects/squad-calendar-33507/locations/-/functions 200
[debug] [2026-07-20T03:56:12.841Z] <<< [apiv2][body] GET https://cloudfunctions.googleapis.com/v1/projects/squad-calendar-33507/locations/-/functions {}
[debug] [2026-07-20T03:56:12.841Z] Checked if tokens are valid: true, expires at: 1784522058779
[debug] [2026-07-20T03:56:12.841Z] Checked if tokens are valid: true, expires at: 1784522058779
[debug] [2026-07-20T03:56:12.841Z] >>> [apiv2][query] GET https://cloudfunctions.googleapis.com/v2/projects/squad-calendar-33507/locations/-/functions filter=environment%3D%22GEN_2%22
[debug] [2026-07-20T03:56:13.355Z] <<< [apiv2][status] GET https://cloudfunctions.googleapis.com/v2/projects/squad-calendar-33507/locations/-/functions 200
[debug] [2026-07-20T03:56:13.355Z] <<< [apiv2][body] GET https://cloudfunctions.googleapis.com/v2/projects/squad-calendar-33507/locations/-/functions {"functions":[{"name":"projects/squad-calendar-33507/locations/us-central1/functions/sendSmsReminders","buildConfig":{"build":"projects/680912216838/locations/us-central1/builds/a8ae27f7-684e-4d79-a92a-5b8849b47d23","runtime":"nodejs24","entryPoint":"sendSmsReminders","source":{"storageSource":{"bucket":"gcf-v2-sources-680912216838-us-central1","object":"sendSmsReminders/function-source.zip","generation":"1780261080783547"}},"environmentVariables":{"GOOGLE_NODE_RUN_SCRIPTS":""},"dockerRepository":"projects/squad-calendar-33507/locations/us-central1/repositories/gcf-artifacts","sourceProvenance":{"resolvedStorageSource":{"bucket":"gcf-v2-sources-680912216838-us-central1","object":"sendSmsReminders/function-source.zip","generation":"1780261080783547"}},"dockerRegistry":"ARTIFACT_REGISTRY","serviceAccount":"projects/squad-calendar-33507/serviceAccounts/680912216838-compute@developer.gserviceaccount.com","automaticUpdatePolicy":{}},"serviceConfig":{"service":"projects/squad-calendar-33507/locations/us-central1/services/sendsmsreminders","timeoutSeconds":60,"environmentVariables":{"TEXTBELT_KEY":"356396e47460130e22529ad7e18d3c8aaa021171obim6AQM2wq7MEzLKZJYdGf72","FIREBASE_CONFIG":"{\"projectId\":\"squad-calendar-33507\",\"storageBucket\":\"squad-calendar-33507.firebasestorage.app\"}","GCLOUD_PROJECT":"squad-calendar-33507","EVENTARC_CLOUD_EVENT_SOURCE":"projects/squad-calendar-33507/locations/us-central1/services/sendSmsReminders","FUNCTION_TARGET":"sendSmsReminders","LOG_EXECUTION_ID":"true","FUNCTION_SIGNATURE_TYPE":"http"},"maxInstanceCount":10,"ingressSettings":"ALLOW_ALL","uri":"https://sendsmsreminders-3aaxngkyua-uc.a.run.app","serviceAccountEmail":"680912216838-compute@developer.gserviceaccount.com","availableMemory":"256Mi","allTrafficOnLatestRevision":true,"revision":"sendsmsreminders-00009-nug","maxInstanceRequestConcurrency":80,"availableCpu":"1"},"state":"ACTIVE","updateTime":"2026-05-31T20:58:07.693099157Z","labels":{"deployment-tool":"cli-firebase","deployment-scheduled":"true","firebase-functions-hash":"766e313ec0f1f2fdad5f474ae0d4acd8f6b3aa97"},"environment":"GEN_2","url":"https://us-central1-squad-calendar-33507.cloudfunctions.net/sendSmsReminders","createTime":"2026-05-31T01:33:21.717962382Z","satisfiesPzi":true},{"name":"projects/squad-calendar-33507/locations/us-central1/functions/notifyOnApproval","buildConfig":{"build":"projects/680912216838/locations/us-central1/builds/585ce33d-dc30-45fa-a87f-d922ed812854","runtime":"nodejs24","entryPoint":"notifyOnApproval","source":{"storageSource":{"bucket":"gcf-v2-sources-680912216838-us-central1","object":"notifyOnApproval/function-source.zip","generation":"1784519671225839"}},"environmentVariables":{"GOOGLE_NODE_RUN_SCRIPTS":""},"dockerRepository":"projects/squad-calendar-33507/locations/us-central1/repositories/gcf-artifacts","sourceProvenance":{"resolvedStorageSource":{"bucket":"gcf-v2-sources-680912216838-us-central1","object":"notifyOnApproval/function-source.zip","generation":"1784519671225839"}},"dockerRegistry":"ARTIFACT_REGISTRY","serviceAccount":"projects/squad-calendar-33507/serviceAccounts/680912216838-compute@developer.gserviceaccount.com","automaticUpdatePolicy":{}},"serviceConfig":{"service":"projects/squad-calendar-33507/locations/us-central1/services/notifyonapproval","timeoutSeconds":60,"environmentVariables":{"TEXTBELT_KEY":"356396e47460130e22529ad7e18d3c8aaa021171obim6AQM2wq7MEzLKZJYdGf72","FIREBASE_CONFIG":"{\"projectId\":\"squad-calendar-33507\",\"storageBucket\":\"squad-calendar-33507.firebasestorage.app\"}","GCLOUD_PROJECT":"squad-calendar-33507","EVENTARC_CLOUD_EVENT_SOURCE":"projects/squad-calendar-33507/locations/us-central1/services/notifyOnApproval","FUNCTION_SIGNATURE_TYPE":"cloudevent","FUNCTION_TARGET":"notifyOnApproval","LOG_EXECUTION_ID":"true"},"maxInstanceCount":10,"ingressSettings":"ALLOW_ALL","uri":"https://notifyonapproval-3aaxngkyua-uc.a.run.app","serviceAccountEmail":"680912216838-compute@developer.gserviceaccount.com","availableMemory":"256Mi","allTrafficOnLatestRevision":true,"revision":"notifyonapproval-00010-wof","maxInstanceRequestConcurrency":80,"availableCpu":"1"},"eventTrigger":{"trigger":"projects/squad-calendar-33507/locations/nam5/triggers/notifyonapproval-432113","triggerRegion":"nam5","eventType":"google.cloud.firestore.document.v1.updated","eventFilters":[{"attribute":"database","value":"(default)"},{"attribute":"namespace","value":"(default)"},{"attribute":"document","value":"events/{eventId}","operator":"match-path-pattern"}],"pubsubTopic":"projects/squad-calendar-33507/topics/eventarc-nam5-notifyonapproval-432113-098","serviceAccountEmail":"680912216838-compute@developer.gserviceaccount.com","retryPolicy":"RETRY_POLICY_DO_NOT_RETRY"},"state":"ACTIVE","updateTime":"2026-07-20T03:55:29.808622735Z","labels":{"deployment-tool":"cli-firebase","firebase-functions-hash":"89f4d3ca20a54c290e6063134f9fe25066a1914c"},"environment":"GEN_2","url":"https://us-central1-squad-calendar-33507.cloudfunctions.net/notifyOnApproval","createTime":"2026-05-31T01:40:29.056382426Z","satisfiesPzi":true},{"name":"projects/squad-calendar-33507/locations/us-central1/functions/sendCustomSms","buildConfig":{"build":"projects/680912216838/locations/us-central1/builds/a8ae27f7-684e-4d79-a92a-5b8849b47d23","runtime":"nodejs24","entryPoint":"sendCustomSms","source":{"storageSource":{"bucket":"gcf-v2-sources-680912216838-us-central1","object":"sendCustomSms/function-source.zip","generation":"1780261080585458"}},"environmentVariables":{"GOOGLE_NODE_RUN_SCRIPTS":""},"dockerRepository":"projects/squad-calendar-33507/locations/us-central1/repositories/gcf-artifacts","sourceProvenance":{"resolvedStorageSource":{"bucket":"gcf-v2-sources-680912216838-us-central1","object":"sendCustomSms/function-source.zip","generation":"1780261080585458"}},"dockerRegistry":"ARTIFACT_REGISTRY","serviceAccount":"projects/squad-calendar-33507/serviceAccounts/680912216838-compute@developer.gserviceaccount.com","automaticUpdatePolicy":{}},"serviceConfig":{"service":"projects/squad-calendar-33507/locations/us-central1/services/sendcustomsms","timeoutSeconds":60,"environmentVariables":{"TEXTBELT_KEY":"356396e47460130e22529ad7e18d3c8aaa021171obim6AQM2wq7MEzLKZJYdGf72","FIREBASE_CONFIG":"{\"projectId\":\"squad-calendar-33507\",\"storageBucket\":\"squad-calendar-33507.firebasestorage.app\"}","GCLOUD_PROJECT":"squad-calendar-33507","EVENTARC_CLOUD_EVENT_SOURCE":"projects/squad-calendar-33507/locations/us-central1/services/sendCustomSms","FUNCTION_TARGET":"sendCustomSms","LOG_EXECUTION_ID":"true","FUNCTION_SIGNATURE_TYPE":"http"},"maxInstanceCount":10,"ingressSettings":"ALLOW_ALL","uri":"https://sendcustomsms-3aaxngkyua-uc.a.run.app","serviceAccountEmail":"680912216838-compute@developer.gserviceaccount.com","availableMemory":"256Mi","allTrafficOnLatestRevision":true,"revision":"sendcustomsms-00008-bog","maxInstanceRequestConcurrency":80,"availableCpu":"1"},"state":"ACTIVE","updateTime":"2026-05-31T20:58:08.728164393Z","labels":{"firebase-functions-hash":"766e313ec0f1f2fdad5f474ae0d4acd8f6b3aa97","deployment-tool":"cli-firebase","deployment-callable":"true"},"environment":"GEN_2","url":"https://us-central1-squad-calendar-33507.cloudfunctions.net/sendCustomSms","createTime":"2026-05-31T01:58:57.753070243Z","satisfiesPzi":true},{"name":"projects/squad-calendar-33507/locations/us-central1/functions/sendDailyReminders","buildConfig":{"build":"projects/680912216838/locations/us-central1/builds/a8ae27f7-684e-4d79-a92a-5b8849b47d23","runtime":"nodejs24","entryPoint":"sendDailyReminders","source":{"storageSource":{"bucket":"gcf-v2-sources-680912216838-us-central1","object":"sendDailyReminders/function-source.zip","generation":"1780261080786557"}},"environmentVariables":{"GOOGLE_NODE_RUN_SCRIPTS":""},"dockerRepository":"projects/squad-calendar-33507/locations/us-central1/repositories/gcf-artifacts","sourceProvenance":{"resolvedStorageSource":{"bucket":"gcf-v2-sources-680912216838-us-central1","object":"sendDailyReminders/function-source.zip","generation":"1780261080786557"}},"dockerRegistry":"ARTIFACT_REGISTRY","serviceAccount":"projects/squad-calendar-33507/serviceAccounts/680912216838-compute@developer.gserviceaccount.com","automaticUpdatePolicy":{}},"serviceConfig":{"service":"projects/squad-calendar-33507/locations/us-central1/services/senddailyreminders","timeoutSeconds":60,"environmentVariables":{"TEXTBELT_KEY":"356396e47460130e22529ad7e18d3c8aaa021171obim6AQM2wq7MEzLKZJYdGf72","FIREBASE_CONFIG":"{\"projectId\":\"squad-calendar-33507\",\"storageBucket\":\"squad-calendar-33507.firebasestorage.app\"}","GCLOUD_PROJECT":"squad-calendar-33507","EVENTARC_CLOUD_EVENT_SOURCE":"projects/squad-calendar-33507/locations/us-central1/services/sendDailyReminders","FUNCTION_TARGET":"sendDailyReminders","LOG_EXECUTION_ID":"true","FUNCTION_SIGNATURE_TYPE":"http"},"maxInstanceCount":10,"ingressSettings":"ALLOW_ALL","uri":"https://senddailyreminders-3aaxngkyua-uc.a.run.app","serviceAccountEmail":"680912216838-compute@developer.gserviceaccount.com","availableMemory":"256Mi","allTrafficOnLatestRevision":true,"revision":"senddailyreminders-00009-bub","maxInstanceRequestConcurrency":80,"availableCpu":"1"},"state":"ACTIVE","updateTime":"2026-05-31T20:58:07.429675Z","labels":{"deployment-tool":"cli-firebase","deployment-scheduled":"true","firebase-functions-hash":"766e313ec0f1f2fdad5f474ae0d4acd8f6b3aa97"},"environment":"GEN_2","url":"https://us-central1-squad-calendar-33507.cloudfunctions.net/sendDailyReminders","createTime":"2026-05-31T01:33:21.688480149Z","satisfiesPzi":true},{"name":"projects/squad-calendar-33507/locations/us-central1/functions/notifyOnCreate","buildConfig":{"build":"projects/680912216838/locations/us-central1/builds/a8ae27f7-684e-4d79-a92a-5b8849b47d23","runtime":"nodejs24","entryPoint":"notifyOnCreate","source":{"storageSource":{"bucket":"gcf-v2-sources-680912216838-us-central1","object":"notifyOnCreate/function-source.zip","generation":"1780261080486708"}},"environmentVariables":{"GOOGLE_NODE_RUN_SCRIPTS":""},"dockerRepository":"projects/squad-calendar-33507/locations/us-central1/repositories/gcf-artifacts","sourceProvenance":{"resolvedStorageSource":{"bucket":"gcf-v2-sources-680912216838-us-central1","object":"notifyOnCreate/function-source.zip","generation":"1780261080486708"}},"dockerRegistry":"ARTIFACT_REGISTRY","serviceAccount":"projects/squad-calendar-33507/serviceAccounts/680912216838-compute@developer.gserviceaccount.com","automaticUpdatePolicy":{}},"serviceConfig":{"service":"projects/squad-calendar-33507/locations/us-central1/services/notifyoncreate","timeoutSeconds":60,"environmentVariables":{"TEXTBELT_KEY":"356396e47460130e22529ad7e18d3c8aaa021171obim6AQM2wq7MEzLKZJYdGf72","FIREBASE_CONFIG":"{\"projectId\":\"squad-calendar-33507\",\"storageBucket\":\"squad-calendar-33507.firebasestorage.app\"}","GCLOUD_PROJECT":"squad-calendar-33507","EVENTARC_CLOUD_EVENT_SOURCE":"projects/squad-calendar-33507/locations/us-central1/services/notifyOnCreate","FUNCTION_SIGNATURE_TYPE":"cloudevent","FUNCTION_TARGET":"notifyOnCreate","LOG_EXECUTION_ID":"true"},"maxInstanceCount":10,"ingressSettings":"ALLOW_ALL","uri":"https://notifyoncreate-3aaxngkyua-uc.a.run.app","serviceAccountEmail":"680912216838-compute@developer.gserviceaccount.com","availableMemory":"256Mi","allTrafficOnLatestRevision":true,"revision":"notifyoncreate-00002-joz","maxInstanceRequestConcurrency":80,"availableCpu":"1"},"eventTrigger":{"trigger":"projects/squad-calendar-33507/locations/nam5/triggers/notifyoncreate-499076","triggerRegion":"nam5","eventType":"google.cloud.firestore.document.v1.created","eventFilters":[{"attribute":"database","value":"(default)"},{"attribute":"namespace","value":"(default)"},{"attribute":"document","value":"events/{eventId}","operator":"match-path-pattern"}],"pubsubTopic":"projects/squad-calendar-33507/topics/eventarc-nam5-notifyoncreate-499076-566","serviceAccountEmail":"680912216838-compute@developer.gserviceaccount.com","retryPolicy":"RETRY_POLICY_DO_NOT_RETRY"},"state":"ACTIVE","updateTime":"2026-05-31T20:58:08.052084799Z","labels":{"firebase-functions-hash":"766e313ec0f1f2fdad5f474ae0d4acd8f6b3aa97","deployment-tool":"cli-firebase"},"environment":"GEN_2","url":"https://us-central1-squad-calendar-33507.cloudfunctions.net/notifyOnCreate","createTime":"2026-05-31T15:11:03.852019941Z","satisfiesPzi":true}]}
[info] i  extensions: ensuring required API firebaseextensions.googleapis.com is enabled... 
[debug] [2026-07-20T03:56:13.358Z] > command requires scopes: ["email","openid","https://www.googleapis.com/auth/cloudplatformprojects.readonly","https://www.googleapis.com/auth/firebase","https://www.googleapis.com/auth/cloud-platform"]
[debug] [2026-07-20T03:56:13.358Z] > authorizing via signed-in user (muhtasimhaqinfo@gmail.com)
[debug] [2026-07-20T03:56:13.359Z] [iam] checking project squad-calendar-33507 for permissions ["firebase.projects.get","firebaseextensions.instances.list"]
[debug] [2026-07-20T03:56:13.359Z] Checked if tokens are valid: true, expires at: 1784522058779
[debug] [2026-07-20T03:56:13.359Z] Checked if tokens are valid: true, expires at: 1784522058779
[debug] [2026-07-20T03:56:13.359Z] >>> [apiv2][query] POST https://cloudresourcemanager.googleapis.com/v1/projects/squad-calendar-33507:testIamPermissions [none]
[debug] [2026-07-20T03:56:13.359Z] >>> [apiv2][(partial)header] POST https://cloudresourcemanager.googleapis.com/v1/projects/squad-calendar-33507:testIamPermissions  x-goog-user-project=squad-calendar-33507
[debug] [2026-07-20T03:56:13.359Z] >>> [apiv2][body] POST https://cloudresourcemanager.googleapis.com/v1/projects/squad-calendar-33507:testIamPermissions {"permissions":["firebase.projects.get","firebaseextensions.instances.list"]}
[debug] [2026-07-20T03:56:13.596Z] <<< [apiv2][status] POST https://cloudresourcemanager.googleapis.com/v1/projects/squad-calendar-33507:testIamPermissions 200
[debug] [2026-07-20T03:56:13.597Z] <<< [apiv2][body] POST https://cloudresourcemanager.googleapis.com/v1/projects/squad-calendar-33507:testIamPermissions {"permissions":["firebase.projects.get","firebaseextensions.instances.list"]}
[debug] [2026-07-20T03:56:13.597Z] Checked if tokens are valid: true, expires at: 1784522058779
[debug] [2026-07-20T03:56:13.597Z] Checked if tokens are valid: true, expires at: 1784522058779
[debug] [2026-07-20T03:56:13.598Z] >>> [apiv2][query] GET https://firebaseextensions.googleapis.com/v1beta/projects/squad-calendar-33507/instances pageSize=100&pageToken=
[debug] [2026-07-20T03:56:13.955Z] <<< [apiv2][status] GET https://firebaseextensions.googleapis.com/v1beta/projects/squad-calendar-33507/instances 200
[debug] [2026-07-20T03:56:13.955Z] <<< [apiv2][body] GET https://firebaseextensions.googleapis.com/v1beta/projects/squad-calendar-33507/instances {}
[info] i  functions: Loaded environment variables from .env. 
[info] i  functions: preparing functions directory for uploading... 
[info] i  functions: packaged /Users/muhtasimhaq/Documents/Computer science/HTML/squad-calendar/functions (76.26 KB) for uploading 
[debug] [2026-07-20T03:56:13.984Z] Checked if tokens are valid: true, expires at: 1784522058779
[debug] [2026-07-20T03:56:13.984Z] Checked if tokens are valid: true, expires at: 1784522058779
[debug] [2026-07-20T03:56:13.984Z] >>> [apiv2][query] GET https://firestore.googleapis.com/v1/projects/squad-calendar-33507/databases/(default) [none]
[debug] [2026-07-20T03:56:14.389Z] <<< [apiv2][status] GET https://firestore.googleapis.com/v1/projects/squad-calendar-33507/databases/(default) 200
[debug] [2026-07-20T03:56:14.389Z] <<< [apiv2][body] GET https://firestore.googleapis.com/v1/projects/squad-calendar-33507/databases/(default) {"name":"projects/squad-calendar-33507/databases/(default)","uid":"f5539000-c1fe-483c-a0f0-d645183a8229","createTime":"2026-05-29T13:14:18.266853Z","updateTime":"2026-05-29T13:14:18.266853Z","locationId":"nam5","type":"FIRESTORE_NATIVE","concurrencyMode":"PESSIMISTIC","versionRetentionPeriod":"3600s","earliestVersionTime":"2026-07-20T02:56:14.335148Z","appEngineIntegrationMode":"DISABLED","keyPrefix":"s","pointInTimeRecoveryEnablement":"POINT_IN_TIME_RECOVERY_DISABLED","deleteProtectionState":"DELETE_PROTECTION_DISABLED","databaseEdition":"STANDARD","freeTier":true,"realtimeUpdatesMode":"REALTIME_UPDATES_MODE_ENABLED","etag":"IPHe+Zmu4JUDMM70pYbK3pQD"}
[info] i  functions: ensuring required API cloudscheduler.googleapis.com is enabled... 
[info] i  functions: ensuring required API run.googleapis.com is enabled... 
[info] i  functions: ensuring required API eventarc.googleapis.com is enabled... 
[info] i  functions: ensuring required API pubsub.googleapis.com is enabled... 
[info] i  functions: ensuring required API storage.googleapis.com is enabled... 
[info] i  functions: generating the service identity for pubsub.googleapis.com... 
[debug] [2026-07-20T03:56:14.394Z] Checked if tokens are valid: true, expires at: 1784522058779
[debug] [2026-07-20T03:56:14.394Z] Checked if tokens are valid: true, expires at: 1784522058779
[info] i  functions: generating the service identity for eventarc.googleapis.com... 
[debug] [2026-07-20T03:56:14.394Z] Checked if tokens are valid: true, expires at: 1784522058779
[debug] [2026-07-20T03:56:14.394Z] Checked if tokens are valid: true, expires at: 1784522058779
[debug] [2026-07-20T03:56:14.394Z] >>> [apiv2][query] POST https://serviceusage.googleapis.com/v1beta1/projects/680912216838/services/pubsub.googleapis.com:generateServiceIdentity [none]
[debug] [2026-07-20T03:56:14.394Z] >>> [apiv2][(partial)header] POST https://serviceusage.googleapis.com/v1beta1/projects/680912216838/services/pubsub.googleapis.com:generateServiceIdentity  x-goog-user-project=680912216838
[debug] [2026-07-20T03:56:14.394Z] >>> [apiv2][body] POST https://serviceusage.googleapis.com/v1beta1/projects/680912216838/services/pubsub.googleapis.com:generateServiceIdentity {}
[debug] [2026-07-20T03:56:14.395Z] >>> [apiv2][query] POST https://serviceusage.googleapis.com/v1beta1/projects/680912216838/services/eventarc.googleapis.com:generateServiceIdentity [none]
[debug] [2026-07-20T03:56:14.395Z] >>> [apiv2][(partial)header] POST https://serviceusage.googleapis.com/v1beta1/projects/680912216838/services/eventarc.googleapis.com:generateServiceIdentity  x-goog-user-project=680912216838
[debug] [2026-07-20T03:56:14.395Z] >>> [apiv2][body] POST https://serviceusage.googleapis.com/v1beta1/projects/680912216838/services/eventarc.googleapis.com:generateServiceIdentity {}
[debug] [2026-07-20T03:56:14.994Z] <<< [apiv2][status] POST https://serviceusage.googleapis.com/v1beta1/projects/680912216838/services/eventarc.googleapis.com:generateServiceIdentity 200
[debug] [2026-07-20T03:56:14.994Z] <<< [apiv2][body] POST https://serviceusage.googleapis.com/v1beta1/projects/680912216838/services/eventarc.googleapis.com:generateServiceIdentity {"name":"operations/finished.DONE_OPERATION","done":true,"response":{"@type":"type.googleapis.com/google.api.serviceusage.v1beta1.ServiceIdentity","email":"service-680912216838@gcp-sa-eventarc.iam.gserviceaccount.com","uniqueId":"111343603682096423199"}}
[debug] [2026-07-20T03:56:14.994Z] <<< [apiv2][status] POST https://serviceusage.googleapis.com/v1beta1/projects/680912216838/services/pubsub.googleapis.com:generateServiceIdentity 200
[debug] [2026-07-20T03:56:14.994Z] <<< [apiv2][body] POST https://serviceusage.googleapis.com/v1beta1/projects/680912216838/services/pubsub.googleapis.com:generateServiceIdentity {"name":"operations/finished.DONE_OPERATION","done":true,"response":{"@type":"type.googleapis.com/google.api.serviceusage.v1beta1.ServiceIdentity","email":"service-680912216838@gcp-sa-pubsub.iam.gserviceaccount.com","uniqueId":"110457423596947810895"}}
[debug] [2026-07-20T03:56:14.997Z] Checked if tokens are valid: true, expires at: 1784522058779
[debug] [2026-07-20T03:56:14.997Z] Checked if tokens are valid: true, expires at: 1784522058779
[debug] [2026-07-20T03:56:14.997Z] >>> [apiv2][query] GET https://cloudresourcemanager.googleapis.com/v1/projects/squad-calendar-33507 [none]
[debug] [2026-07-20T03:56:15.119Z] <<< [apiv2][status] GET https://cloudresourcemanager.googleapis.com/v1/projects/squad-calendar-33507 200
[debug] [2026-07-20T03:56:15.119Z] <<< [apiv2][body] GET https://cloudresourcemanager.googleapis.com/v1/projects/squad-calendar-33507 {"projectNumber":"680912216838","projectId":"squad-calendar-33507","lifecycleState":"ACTIVE","name":"squad-calendar","labels":{"firebase":"enabled","firebase-core":"disabled"},"createTime":"2026-05-29T02:15:43.757Z"}
[debug] [2026-07-20T03:56:15.119Z] Checked if tokens are valid: true, expires at: 1784522058779
[debug] [2026-07-20T03:56:15.120Z] Checked if tokens are valid: true, expires at: 1784522058779
[debug] [2026-07-20T03:56:15.120Z] >>> [apiv2][query] GET https://compute.googleapis.com/compute/v1/projects/680912216838 [none]
[debug] [2026-07-20T03:56:15.291Z] <<< [apiv2][status] GET https://compute.googleapis.com/compute/v1/projects/680912216838 403
[debug] [2026-07-20T03:56:15.292Z] <<< [apiv2][body] GET https://compute.googleapis.com/compute/v1/projects/680912216838 {"error":{"code":403,"message":"Compute Engine API has not been used in project 680912216838 before or it is disabled. Enable it by visiting https://console.developers.google.com/apis/api/compute.googleapis.com/overview?project=680912216838 then retry. If you enabled this API recently, wait a few minutes for the action to propagate to our systems and retry.","errors":[{"message":"Compute Engine API has not been used in project 680912216838 before or it is disabled. Enable it by visiting https://console.developers.google.com/apis/api/compute.googleapis.com/overview?project=680912216838 then retry. If you enabled this API recently, wait a few minutes for the action to propagate to our systems and retry.","domain":"usageLimits","reason":"accessNotConfigured","extendedHelp":"https://console.developers.google.com"}],"status":"PERMISSION_DENIED","details":[{"@type":"type.googleapis.com/google.rpc.ErrorInfo","reason":"SERVICE_DISABLED","domain":"googleapis.com","metadata":{"serviceTitle":"Compute Engine API","activationUrl":"https://console.developers.google.com/apis/api/compute.googleapis.com/overview?project=680912216838","containerInfo":"680912216838","service":"compute.googleapis.com","consumer":"projects/680912216838"}},{"@type":"type.googleapis.com/google.rpc.LocalizedMessage","locale":"en-US","message":"Compute Engine API has not been used in project 680912216838 before or it is disabled. Enable it by visiting https://console.developers.google.com/apis/api/compute.googleapis.com/overview?project=680912216838 then retry. If you enabled this API recently, wait a few minutes for the action to propagate to our systems and retry."},{"@type":"type.googleapis.com/google.rpc.Help","links":[{"description":"Google developers console API activation","url":"https://console.developers.google.com/apis/api/compute.googleapis.com/overview?project=680912216838"}]}]}}
[debug] [2026-07-20T03:56:15.293Z] unable to look up default compute service account. Falling back to 680912216838-compute@developer.gserviceaccount.com. Error: {"name":"FirebaseError","children":[],"context":{"body":{"error":{"code":403,"message":"Compute Engine API has not been used in project 680912216838 before or it is disabled. Enable it by visiting https://console.developers.google.com/apis/api/compute.googleapis.com/overview?project=680912216838 then retry. If you enabled this API recently, wait a few minutes for the action to propagate to our systems and retry.","errors":[{"message":"Compute Engine API has not been used in project 680912216838 before or it is disabled. Enable it by visiting https://console.developers.google.com/apis/api/compute.googleapis.com/overview?project=680912216838 then retry. If you enabled this API recently, wait a few minutes for the action to propagate to our systems and retry.","domain":"usageLimits","reason":"accessNotConfigured","extendedHelp":"https://console.developers.google.com"}],"status":"PERMISSION_DENIED","details":[{"@type":"type.googleapis.com/google.rpc.ErrorInfo","reason":"SERVICE_DISABLED","domain":"googleapis.com","metadata":{"serviceTitle":"Compute Engine API","activationUrl":"https://console.developers.google.com/apis/api/compute.googleapis.com/overview?project=680912216838","containerInfo":"680912216838","service":"compute.googleapis.com","consumer":"projects/680912216838"}},{"@type":"type.googleapis.com/google.rpc.LocalizedMessage","locale":"en-US","message":"Compute Engine API has not been used in project 680912216838 before or it is disabled. Enable it by visiting https://console.developers.google.com/apis/api/compute.googleapis.com/overview?project=680912216838 then retry. If you enabled this API recently, wait a few minutes for the action to propagate to our systems and retry."},{"@type":"type.googleapis.com/google.rpc.Help","links":[{"description":"Google developers console API activation","url":"https://console.developers.google.com/apis/api/compute.googleapis.com/overview?project=680912216838"}]}]}},"response":{"statusCode":403}},"exit":1,"message":"Request to https://compute.googleapis.com/compute/v1/projects/680912216838 had HTTP Error: 403, Compute Engine API has not been used in project 680912216838 before or it is disabled. Enable it by visiting https://console.developers.google.com/apis/api/compute.googleapis.com/overview?project=680912216838 then retry. If you enabled this API recently, wait a few minutes for the action to propagate to our systems and retry.","status":403}
[debug] [2026-07-20T03:56:15.295Z] Checked if tokens are valid: true, expires at: 1784522058779
[debug] [2026-07-20T03:56:15.295Z] Checked if tokens are valid: true, expires at: 1784522058779
[debug] [2026-07-20T03:56:15.295Z] >>> [apiv2][query] GET https://cloudbilling.googleapis.com/v1/projects/squad-calendar-33507/billingInfo [none]
[debug] [2026-07-20T03:56:15.295Z] >>> [apiv2][(partial)header] GET https://cloudbilling.googleapis.com/v1/projects/squad-calendar-33507/billingInfo  x-goog-user-project=squad-calendar-33507
[debug] [2026-07-20T03:56:15.600Z] <<< [apiv2][status] GET https://cloudbilling.googleapis.com/v1/projects/squad-calendar-33507/billingInfo 200
[debug] [2026-07-20T03:56:15.600Z] <<< [apiv2][body] GET https://cloudbilling.googleapis.com/v1/projects/squad-calendar-33507/billingInfo {"name":"projects/squad-calendar-33507/billingInfo","projectId":"squad-calendar-33507","billingAccountName":"billingAccounts/011C57-7FA88B-061E5A","billingEnabled":true}
[debug] [2026-07-20T03:56:15.602Z] Checked if tokens are valid: true, expires at: 1784522058779
[debug] [2026-07-20T03:56:15.602Z] Checked if tokens are valid: true, expires at: 1784522058779
[debug] [2026-07-20T03:56:15.603Z] >>> [apiv2][query] POST https://cloudfunctions.googleapis.com/v2/projects/squad-calendar-33507/locations/us-central1/functions:generateUploadUrl [none]
[debug] [2026-07-20T03:56:16.016Z] <<< [apiv2][status] POST https://cloudfunctions.googleapis.com/v2/projects/squad-calendar-33507/locations/us-central1/functions:generateUploadUrl 200
[debug] [2026-07-20T03:56:16.017Z] <<< [apiv2][body] POST https://cloudfunctions.googleapis.com/v2/projects/squad-calendar-33507/locations/us-central1/functions:generateUploadUrl {"uploadUrl":"https://storage.googleapis.com/gcf-v2-uploads-680912216838.us-central1.cloudfunctions.appspot.com/f7371f82-fbee-4fae-a44f-925ff63ec6a9.zip?GoogleAccessId=service-680912216838@gcf-admin-robot.iam.gserviceaccount.com&Expires=1784521575&Signature=lmpVXKHLZU5b1KWzz7UHpsan51i34p1ZJ2hfpqCEbNaKwoOoZJmEuua74X15EwSFoJVUglOI9%2BcAvha9FZwau2X%2F74%2Bop74keiBYN2vepvvjZCtEvSHbzccIuWvUjudQaK20%2FKW%2Fu6gqrRu1EjxJ0Ht6taNOaW2IIfZlF3%2BuufqkIheXVdSlbjlOQUh012XTO5PAA8tqV5O%2BMyOQikLYQFChbhwwN%2FVjMtQKhxVTljIY1yheMACVgu8V7x0MatxxmS64dtowAVLrtnol9xe9eo4vDHzTCc2QsTbJhM7CHlk%2FFSEwLlYQhyOwYKmc6XgL4fd6aki3XSgsnuCu12AYZg%3D%3D","storageSource":{"bucket":"gcf-v2-uploads-680912216838.us-central1.cloudfunctions.appspot.com","object":"f7371f82-fbee-4fae-a44f-925ff63ec6a9.zip"}}
[debug] [2026-07-20T03:56:16.018Z] >>> [apiv2][query] PUT https://storage.googleapis.com/gcf-v2-uploads-680912216838.us-central1.cloudfunctions.appspot.com/f7371f82-fbee-4fae-a44f-925ff63ec6a9.zip GoogleAccessId=service-680912216838%40gcf-admin-robot.iam.gserviceaccount.com&Expires=1784521575&Signature=lmpVXKHLZU5b1KWzz7UHpsan51i34p1ZJ2hfpqCEbNaKwoOoZJmEuua74X15EwSFoJVUglOI9%2BcAvha9FZwau2X%2F74%2Bop74keiBYN2vepvvjZCtEvSHbzccIuWvUjudQaK20%2FKW%2Fu6gqrRu1EjxJ0Ht6taNOaW2IIfZlF3%2BuufqkIheXVdSlbjlOQUh012XTO5PAA8tqV5O%2BMyOQikLYQFChbhwwN%2FVjMtQKhxVTljIY1yheMACVgu8V7x0MatxxmS64dtowAVLrtnol9xe9eo4vDHzTCc2QsTbJhM7CHlk%2FFSEwLlYQhyOwYKmc6XgL4fd6aki3XSgsnuCu12AYZg%3D%3D
[debug] [2026-07-20T03:56:16.018Z] >>> [apiv2][body] PUT https://storage.googleapis.com/gcf-v2-uploads-680912216838.us-central1.cloudfunctions.appspot.com/f7371f82-fbee-4fae-a44f-925ff63ec6a9.zip [stream]
[debug] [2026-07-20T03:56:16.342Z] <<< [apiv2][status] PUT https://storage.googleapis.com/gcf-v2-uploads-680912216838.us-central1.cloudfunctions.appspot.com/f7371f82-fbee-4fae-a44f-925ff63ec6a9.zip 200
[debug] [2026-07-20T03:56:16.342Z] <<< [apiv2][body] PUT https://storage.googleapis.com/gcf-v2-uploads-680912216838.us-central1.cloudfunctions.appspot.com/f7371f82-fbee-4fae-a44f-925ff63ec6a9.zip [omitted]
[info] ✔  functions: functions source uploaded successfully 
[info] i  functions: updating Node.js 24 (2nd Gen) function notifyOnApproval(us-central1)... 
[debug] [2026-07-20T03:56:16.348Z] Checked if tokens are valid: true, expires at: 1784522058779
[debug] [2026-07-20T03:56:16.348Z] Checked if tokens are valid: true, expires at: 1784522058779
[debug] [2026-07-20T03:56:16.349Z] >>> [apiv2][query] PATCH https://cloudfunctions.googleapis.com/v2/projects/squad-calendar-33507/locations/us-central1/functions/notifyOnApproval updateMask=name%2CbuildConfig.runtime%2CbuildConfig.entryPoint%2CbuildConfig.source.storageSource.bucket%2CbuildConfig.source.storageSource.object%2CbuildConfig.environmentVariables%2CbuildConfig.sourceToken%2CserviceConfig.environmentVariables%2CserviceConfig.ingressSettings%2CserviceConfig.timeoutSeconds%2CserviceConfig.serviceAccountEmail%2CserviceConfig.availableMemory%2CserviceConfig.minInstanceCount%2CserviceConfig.maxInstanceCount%2CserviceConfig.maxInstanceRequestConcurrency%2CserviceConfig.availableCpu%2CserviceConfig.vpcConnector%2CserviceConfig.vpcConnectorEgressSettings%2CserviceConfig.directVpcNetworkInterface%2CserviceConfig.directVpcEgress%2Clabels%2CeventTrigger.eventType%2CeventTrigger.retryPolicy%2CeventTrigger.eventFilters%2CeventTrigger.triggerRegion
[debug] [2026-07-20T03:56:16.349Z] >>> [apiv2][body] PATCH https://cloudfunctions.googleapis.com/v2/projects/squad-calendar-33507/locations/us-central1/functions/notifyOnApproval {"name":"projects/squad-calendar-33507/locations/us-central1/functions/notifyOnApproval","buildConfig":{"runtime":"nodejs24","entryPoint":"notifyOnApproval","source":{"storageSource":{"bucket":"gcf-v2-uploads-680912216838.us-central1.cloudfunctions.appspot.com","object":"f7371f82-fbee-4fae-a44f-925ff63ec6a9.zip"}},"environmentVariables":{"GOOGLE_NODE_RUN_SCRIPTS":""}},"serviceConfig":{"environmentVariables":{"TEXTBELT_KEY":"356396e47460130e22529ad7e18d3c8aaa021171obim6AQM2wq7MEzLKZJYdGf72","FIREBASE_CONFIG":"{\"projectId\":\"squad-calendar-33507\",\"storageBucket\":\"squad-calendar-33507.firebasestorage.app\"}","GCLOUD_PROJECT":"squad-calendar-33507","EVENTARC_CLOUD_EVENT_SOURCE":"projects/squad-calendar-33507/locations/us-central1/services/notifyOnApproval","FUNCTION_SIGNATURE_TYPE":"cloudevent","FUNCTION_TARGET":"notifyOnApproval","LOG_EXECUTION_ID":"true"},"ingressSettings":null,"timeoutSeconds":null,"serviceAccountEmail":null,"availableMemory":"256Mi","minInstanceCount":null,"maxInstanceCount":10,"maxInstanceRequestConcurrency":80,"availableCpu":"1","vpcConnector":null,"vpcConnectorEgressSettings":null,"directVpcNetworkInterface":null,"directVpcEgress":null},"labels":{"deployment-tool":"cli-firebase","firebase-functions-hash":"5f1b92f554692036b13f3c932535a3bd9bceade3"},"eventTrigger":{"eventType":"google.cloud.firestore.document.v1.updated","retryPolicy":"RETRY_POLICY_DO_NOT_RETRY","eventFilters":[{"attribute":"database","value":"(default)"},{"attribute":"namespace","value":"(default)"},{"attribute":"document","value":"events/{eventId}","operator":"match-path-pattern"}],"triggerRegion":"nam5"}}
[debug] [2026-07-20T03:56:17.602Z] <<< [apiv2][status] PATCH https://cloudfunctions.googleapis.com/v2/projects/squad-calendar-33507/locations/us-central1/functions/notifyOnApproval 200
[debug] [2026-07-20T03:56:17.602Z] <<< [apiv2][body] PATCH https://cloudfunctions.googleapis.com/v2/projects/squad-calendar-33507/locations/us-central1/functions/notifyOnApproval {"name":"projects/squad-calendar-33507/locations/us-central1/operations/operation-1784519776598-65702e360f979-4076f3e4-9727a3c6","metadata":{"@type":"type.googleapis.com/google.cloud.functions.v2.OperationMetadata","createTime":"2026-07-20T03:56:17.591280308Z","target":"projects/squad-calendar-33507/locations/us-central1/functions/notifyOnApproval","verb":"update","cancelRequested":false,"apiVersion":"v2"},"done":false}
[debug] [2026-07-20T03:56:17.603Z] Checked if tokens are valid: true, expires at: 1784522058779
[debug] [2026-07-20T03:56:17.603Z] Checked if tokens are valid: true, expires at: 1784522058779
[debug] [2026-07-20T03:56:17.604Z] >>> [apiv2][query] GET https://cloudfunctions.googleapis.com/v2/projects/squad-calendar-33507/locations/us-central1/operations/operation-1784519776598-65702e360f979-4076f3e4-9727a3c6 [none]
[debug] [2026-07-20T03:56:17.835Z] <<< [apiv2][status] GET https://cloudfunctions.googleapis.com/v2/projects/squad-calendar-33507/locations/us-central1/operations/operation-1784519776598-65702e360f979-4076f3e4-9727a3c6 200
[debug] [2026-07-20T03:56:17.835Z] <<< [apiv2][body] GET https://cloudfunctions.googleapis.com/v2/projects/squad-calendar-33507/locations/us-central1/operations/operation-1784519776598-65702e360f979-4076f3e4-9727a3c6 {"name":"projects/squad-calendar-33507/locations/us-central1/operations/operation-1784519776598-65702e360f979-4076f3e4-9727a3c6","metadata":{"@type":"type.googleapis.com/google.cloud.functions.v2.OperationMetadata","createTime":"2026-07-20T03:56:17.591280308Z","target":"projects/squad-calendar-33507/locations/us-central1/functions/notifyOnApproval","verb":"update","cancelRequested":false,"apiVersion":"v2","requestResource":{"@type":"type.googleapis.com/google.cloud.functions.v2.Function","name":"projects/squad-calendar-33507/locations/us-central1/functions/notifyOnApproval","buildConfig":{"runtime":"nodejs24","entryPoint":"notifyOnApproval","source":{"storageSource":{"bucket":"gcf-v2-sources-680912216838-us-central1","object":"notifyOnApproval/function-source.zip","generation":"1784519777531555"}},"environmentVariables":{"GOOGLE_NODE_RUN_SCRIPTS":""},"dockerRepository":"projects/squad-calendar-33507/locations/us-central1/repositories/gcf-artifacts","sourceProvenance":{"resolvedStorageSource":{"bucket":"gcf-v2-sources-680912216838-us-central1","object":"notifyOnApproval/function-source.zip","generation":"1784519671225839"}},"dockerRegistry":"ARTIFACT_REGISTRY","serviceAccount":"projects/squad-calendar-33507/serviceAccounts/680912216838-compute@developer.gserviceaccount.com","automaticUpdatePolicy":{}},"serviceConfig":{"service":"projects/squad-calendar-33507/locations/us-central1/services/notifyonapproval","timeoutSeconds":60,"environmentVariables":{"TEXTBELT_KEY":"356396e47460130e22529ad7e18d3c8aaa021171obim6AQM2wq7MEzLKZJYdGf72","FIREBASE_CONFIG":"{\"projectId\":\"squad-calendar-33507\",\"storageBucket\":\"squad-calendar-33507.firebasestorage.app\"}","GCLOUD_PROJECT":"squad-calendar-33507","EVENTARC_CLOUD_EVENT_SOURCE":"projects/squad-calendar-33507/locations/us-central1/services/notifyOnApproval","FUNCTION_SIGNATURE_TYPE":"cloudevent","FUNCTION_TARGET":"notifyOnApproval","LOG_EXECUTION_ID":"true"},"maxInstanceCount":10,"ingressSettings":"ALLOW_ALL","uri":"https://notifyonapproval-3aaxngkyua-uc.a.run.app","serviceAccountEmail":"680912216838-compute@developer.gserviceaccount.com","availableMemory":"256Mi","allTrafficOnLatestRevision":true,"revision":"notifyonapproval-00010-wof","maxInstanceRequestConcurrency":80,"availableCpu":"1"},"eventTrigger":{"trigger":"projects/squad-calendar-33507/locations/nam5/triggers/notifyonapproval-432113","triggerRegion":"nam5","eventType":"google.cloud.firestore.document.v1.updated","eventFilters":[{"attribute":"database","value":"(default)"},{"attribute":"namespace","value":"(default)"},{"attribute":"document","value":"events/{eventId}","operator":"match-path-pattern"}],"pubsubTopic":"projects/squad-calendar-33507/topics/eventarc-nam5-notifyonapproval-432113-098","serviceAccountEmail":"680912216838-compute@developer.gserviceaccount.com","retryPolicy":"RETRY_POLICY_DO_NOT_RETRY"},"state":"ACTIVE","labels":{"deployment-tool":"cli-firebase","firebase-functions-hash":"5f1b92f554692036b13f3c932535a3bd9bceade3"},"environment":"GEN_2","url":"https://us-central1-squad-calendar-33507.cloudfunctions.net/notifyOnApproval","satisfiesPzi":true},"stages":[{"name":"BUILD","state":"NOT_STARTED"},{"name":"SERVICE","state":"NOT_STARTED"},{"name":"TRIGGER","state":"NOT_STARTED"}],"operationType":"UPDATE_FUNCTION"},"done":false}
[debug] [2026-07-20T03:56:18.337Z] [update-default-us-central1-notifyOnApproval] Retrying task index 0
[debug] [2026-07-20T03:56:18.338Z] Checked if tokens are valid: true, expires at: 1784522058779
[debug] [2026-07-20T03:56:18.338Z] Checked if tokens are valid: true, expires at: 1784522058779
[debug] [2026-07-20T03:56:18.338Z] >>> [apiv2][query] GET https://cloudfunctions.googleapis.com/v2/projects/squad-calendar-33507/locations/us-central1/operations/operation-1784519776598-65702e360f979-4076f3e4-9727a3c6 [none]
[debug] [2026-07-20T03:56:18.581Z] <<< [apiv2][status] GET https://cloudfunctions.googleapis.com/v2/projects/squad-calendar-33507/locations/us-central1/operations/operation-1784519776598-65702e360f979-4076f3e4-9727a3c6 200
[debug] [2026-07-20T03:56:18.581Z] <<< [apiv2][body] GET https://cloudfunctions.googleapis.com/v2/projects/squad-calendar-33507/locations/us-central1/operations/operation-1784519776598-65702e360f979-4076f3e4-9727a3c6 {"name":"projects/squad-calendar-33507/locations/us-central1/operations/operation-1784519776598-65702e360f979-4076f3e4-9727a3c6","metadata":{"@type":"type.googleapis.com/google.cloud.functions.v2.OperationMetadata","createTime":"2026-07-20T03:56:17.591280308Z","target":"projects/squad-calendar-33507/locations/us-central1/functions/notifyOnApproval","verb":"update","cancelRequested":false,"apiVersion":"v2","requestResource":{"@type":"type.googleapis.com/google.cloud.functions.v2.Function","name":"projects/squad-calendar-33507/locations/us-central1/functions/notifyOnApproval","buildConfig":{"runtime":"nodejs24","entryPoint":"notifyOnApproval","source":{"storageSource":{"bucket":"gcf-v2-sources-680912216838-us-central1","object":"notifyOnApproval/function-source.zip","generation":"1784519777531555"}},"environmentVariables":{"GOOGLE_NODE_RUN_SCRIPTS":""},"dockerRepository":"projects/squad-calendar-33507/locations/us-central1/repositories/gcf-artifacts","sourceProvenance":{"resolvedStorageSource":{"bucket":"gcf-v2-sources-680912216838-us-central1","object":"notifyOnApproval/function-source.zip","generation":"1784519671225839"}},"dockerRegistry":"ARTIFACT_REGISTRY","serviceAccount":"projects/squad-calendar-33507/serviceAccounts/680912216838-compute@developer.gserviceaccount.com","automaticUpdatePolicy":{}},"serviceConfig":{"service":"projects/squad-calendar-33507/locations/us-central1/services/notifyonapproval","timeoutSeconds":60,"environmentVariables":{"TEXTBELT_KEY":"356396e47460130e22529ad7e18d3c8aaa021171obim6AQM2wq7MEzLKZJYdGf72","FIREBASE_CONFIG":"{\"projectId\":\"squad-calendar-33507\",\"storageBucket\":\"squad-calendar-33507.firebasestorage.app\"}","GCLOUD_PROJECT":"squad-calendar-33507","EVENTARC_CLOUD_EVENT_SOURCE":"projects/squad-calendar-33507/locations/us-central1/services/notifyOnApproval","FUNCTION_SIGNATURE_TYPE":"cloudevent","FUNCTION_TARGET":"notifyOnApproval","LOG_EXECUTION_ID":"true"},"maxInstanceCount":10,"ingressSettings":"ALLOW_ALL","uri":"https://notifyonapproval-3aaxngkyua-uc.a.run.app","serviceAccountEmail":"680912216838-compute@developer.gserviceaccount.com","availableMemory":"256Mi","allTrafficOnLatestRevision":true,"revision":"notifyonapproval-00010-wof","maxInstanceRequestConcurrency":80,"availableCpu":"1"},"eventTrigger":{"trigger":"projects/squad-calendar-33507/locations/nam5/triggers/notifyonapproval-432113","triggerRegion":"nam5","eventType":"google.cloud.firestore.document.v1.updated","eventFilters":[{"attribute":"database","value":"(default)"},{"attribute":"namespace","value":"(default)"},{"attribute":"document","value":"events/{eventId}","operator":"match-path-pattern"}],"pubsubTopic":"projects/squad-calendar-33507/topics/eventarc-nam5-notifyonapproval-432113-098","serviceAccountEmail":"680912216838-compute@developer.gserviceaccount.com","retryPolicy":"RETRY_POLICY_DO_NOT_RETRY"},"state":"ACTIVE","labels":{"deployment-tool":"cli-firebase","firebase-functions-hash":"5f1b92f554692036b13f3c932535a3bd9bceade3"},"environment":"GEN_2","url":"https://us-central1-squad-calendar-33507.cloudfunctions.net/notifyOnApproval","satisfiesPzi":true},"stages":[{"name":"BUILD","message":"Build in progress","state":"IN_PROGRESS","resource":"projects/680912216838/locations/us-central1/builds/aedbe639-b993-4169-8acd-c65cc1a69bf2","resourceUri":"https://console.cloud.google.com/cloud-build/builds;region=us-central1/aedbe639-b993-4169-8acd-c65cc1a69bf2?project=680912216838"},{"name":"SERVICE","state":"NOT_STARTED"},{"name":"TRIGGER","state":"NOT_STARTED"}],"operationType":"UPDATE_FUNCTION","buildName":"projects/680912216838/locations/us-central1/builds/aedbe639-b993-4169-8acd-c65cc1a69bf2"},"done":false}
[debug] [2026-07-20T03:56:19.583Z] [update-default-us-central1-notifyOnApproval] Retrying task index 0
[debug] [2026-07-20T03:56:19.584Z] Checked if tokens are valid: true, expires at: 1784522058779
[debug] [2026-07-20T03:56:19.584Z] Checked if tokens are valid: true, expires at: 1784522058779
[debug] [2026-07-20T03:56:19.584Z] >>> [apiv2][query] GET https://cloudfunctions.googleapis.com/v2/projects/squad-calendar-33507/locations/us-central1/operations/operation-1784519776598-65702e360f979-4076f3e4-9727a3c6 [none]
[debug] [2026-07-20T03:56:19.861Z] <<< [apiv2][status] GET https://cloudfunctions.googleapis.com/v2/projects/squad-calendar-33507/locations/us-central1/operations/operation-1784519776598-65702e360f979-4076f3e4-9727a3c6 200
[debug] [2026-07-20T03:56:19.861Z] <<< [apiv2][body] GET https://cloudfunctions.googleapis.com/v2/projects/squad-calendar-33507/locations/us-central1/operations/operation-1784519776598-65702e360f979-4076f3e4-9727a3c6 {"name":"projects/squad-calendar-33507/locations/us-central1/operations/operation-1784519776598-65702e360f979-4076f3e4-9727a3c6","metadata":{"@type":"type.googleapis.com/google.cloud.functions.v2.OperationMetadata","createTime":"2026-07-20T03:56:17.591280308Z","target":"projects/squad-calendar-33507/locations/us-central1/functions/notifyOnApproval","verb":"update","cancelRequested":false,"apiVersion":"v2","requestResource":{"@type":"type.googleapis.com/google.cloud.functions.v2.Function","name":"projects/squad-calendar-33507/locations/us-central1/functions/notifyOnApproval","buildConfig":{"runtime":"nodejs24","entryPoint":"notifyOnApproval","source":{"storageSource":{"bucket":"gcf-v2-sources-680912216838-us-central1","object":"notifyOnApproval/function-source.zip","generation":"1784519777531555"}},"environmentVariables":{"GOOGLE_NODE_RUN_SCRIPTS":""},"dockerRepository":"projects/squad-calendar-33507/locations/us-central1/repositories/gcf-artifacts","sourceProvenance":{"resolvedStorageSource":{"bucket":"gcf-v2-sources-680912216838-us-central1","object":"notifyOnApproval/function-source.zip","generation":"1784519671225839"}},"dockerRegistry":"ARTIFACT_REGISTRY","serviceAccount":"projects/squad-calendar-33507/serviceAccounts/680912216838-compute@developer.gserviceaccount.com","automaticUpdatePolicy":{}},"serviceConfig":{"service":"projects/squad-calendar-33507/locations/us-central1/services/notifyonapproval","timeoutSeconds":60,"environmentVariables":{"TEXTBELT_KEY":"356396e47460130e22529ad7e18d3c8aaa021171obim6AQM2wq7MEzLKZJYdGf72","FIREBASE_CONFIG":"{\"projectId\":\"squad-calendar-33507\",\"storageBucket\":\"squad-calendar-33507.firebasestorage.app\"}","GCLOUD_PROJECT":"squad-calendar-33507","EVENTARC_CLOUD_EVENT_SOURCE":"projects/squad-calendar-33507/locations/us-central1/services/notifyOnApproval","FUNCTION_SIGNATURE_TYPE":"cloudevent","FUNCTION_TARGET":"notifyOnApproval","LOG_EXECUTION_ID":"true"},"maxInstanceCount":10,"ingressSettings":"ALLOW_ALL","uri":"https://notifyonapproval-3aaxngkyua-uc.a.run.app","serviceAccountEmail":"680912216838-compute@developer.gserviceaccount.com","availableMemory":"256Mi","allTrafficOnLatestRevision":true,"revision":"notifyonapproval-00010-wof","maxInstanceRequestConcurrency":80,"availableCpu":"1"},"eventTrigger":{"trigger":"projects/squad-calendar-33507/locations/nam5/triggers/notifyonapproval-432113","triggerRegion":"nam5","eventType":"google.cloud.firestore.document.v1.updated","eventFilters":[{"attribute":"database","value":"(default)"},{"attribute":"namespace","value":"(default)"},{"attribute":"document","value":"events/{eventId}","operator":"match-path-pattern"}],"pubsubTopic":"projects/squad-calendar-33507/topics/eventarc-nam5-notifyonapproval-432113-098","serviceAccountEmail":"680912216838-compute@developer.gserviceaccount.com","retryPolicy":"RETRY_POLICY_DO_NOT_RETRY"},"state":"ACTIVE","labels":{"deployment-tool":"cli-firebase","firebase-functions-hash":"5f1b92f554692036b13f3c932535a3bd9bceade3"},"environment":"GEN_2","url":"https://us-central1-squad-calendar-33507.cloudfunctions.net/notifyOnApproval","satisfiesPzi":true},"stages":[{"name":"BUILD","message":"Build in progress","state":"IN_PROGRESS","resource":"projects/680912216838/locations/us-central1/builds/aedbe639-b993-4169-8acd-c65cc1a69bf2","resourceUri":"https://console.cloud.google.com/cloud-build/builds;region=us-central1/aedbe639-b993-4169-8acd-c65cc1a69bf2?project=680912216838"},{"name":"SERVICE","state":"NOT_STARTED"},{"name":"TRIGGER","state":"NOT_STARTED"}],"operationType":"UPDATE_FUNCTION","buildName":"projects/680912216838/locations/us-central1/builds/aedbe639-b993-4169-8acd-c65cc1a69bf2"},"done":false}
[debug] [2026-07-20T03:56:21.863Z] [update-default-us-central1-notifyOnApproval] Retrying task index 0
[debug] [2026-07-20T03:56:21.864Z] Checked if tokens are valid: true, expires at: 1784522058779
[debug] [2026-07-20T03:56:21.864Z] Checked if tokens are valid: true, expires at: 1784522058779
[debug] [2026-07-20T03:56:21.864Z] >>> [apiv2][query] GET https://cloudfunctions.googleapis.com/v2/projects/squad-calendar-33507/locations/us-central1/operations/operation-1784519776598-65702e360f979-4076f3e4-9727a3c6 [none]
[debug] [2026-07-20T03:56:22.100Z] <<< [apiv2][status] GET https://cloudfunctions.googleapis.com/v2/projects/squad-calendar-33507/locations/us-central1/operations/operation-1784519776598-65702e360f979-4076f3e4-9727a3c6 200
[debug] [2026-07-20T03:56:22.101Z] <<< [apiv2][body] GET https://cloudfunctions.googleapis.com/v2/projects/squad-calendar-33507/locations/us-central1/operations/operation-1784519776598-65702e360f979-4076f3e4-9727a3c6 {"name":"projects/squad-calendar-33507/locations/us-central1/operations/operation-1784519776598-65702e360f979-4076f3e4-9727a3c6","metadata":{"@type":"type.googleapis.com/google.cloud.functions.v2.OperationMetadata","createTime":"2026-07-20T03:56:17.591280308Z","target":"projects/squad-calendar-33507/locations/us-central1/functions/notifyOnApproval","verb":"update","cancelRequested":false,"apiVersion":"v2","requestResource":{"@type":"type.googleapis.com/google.cloud.functions.v2.Function","name":"projects/squad-calendar-33507/locations/us-central1/functions/notifyOnApproval","buildConfig":{"runtime":"nodejs24","entryPoint":"notifyOnApproval","source":{"storageSource":{"bucket":"gcf-v2-sources-680912216838-us-central1","object":"notifyOnApproval/function-source.zip","generation":"1784519777531555"}},"environmentVariables":{"GOOGLE_NODE_RUN_SCRIPTS":""},"dockerRepository":"projects/squad-calendar-33507/locations/us-central1/repositories/gcf-artifacts","sourceProvenance":{"resolvedStorageSource":{"bucket":"gcf-v2-sources-680912216838-us-central1","object":"notifyOnApproval/function-source.zip","generation":"1784519671225839"}},"dockerRegistry":"ARTIFACT_REGISTRY","serviceAccount":"projects/squad-calendar-33507/serviceAccounts/680912216838-compute@developer.gserviceaccount.com","automaticUpdatePolicy":{}},"serviceConfig":{"service":"projects/squad-calendar-33507/locations/us-central1/services/notifyonapproval","timeoutSeconds":60,"environmentVariables":{"TEXTBELT_KEY":"356396e47460130e22529ad7e18d3c8aaa021171obim6AQM2wq7MEzLKZJYdGf72","FIREBASE_CONFIG":"{\"projectId\":\"squad-calendar-33507\",\"storageBucket\":\"squad-calendar-33507.firebasestorage.app\"}","GCLOUD_PROJECT":"squad-calendar-33507","EVENTARC_CLOUD_EVENT_SOURCE":"projects/squad-calendar-33507/locations/us-central1/services/notifyOnApproval","FUNCTION_SIGNATURE_TYPE":"cloudevent","FUNCTION_TARGET":"notifyOnApproval","LOG_EXECUTION_ID":"true"},"maxInstanceCount":10,"ingressSettings":"ALLOW_ALL","uri":"https://notifyonapproval-3aaxngkyua-uc.a.run.app","serviceAccountEmail":"680912216838-compute@developer.gserviceaccount.com","availableMemory":"256Mi","allTrafficOnLatestRevision":true,"revision":"notifyonapproval-00010-wof","maxInstanceRequestConcurrency":80,"availableCpu":"1"},"eventTrigger":{"trigger":"projects/squad-calendar-33507/locations/nam5/triggers/notifyonapproval-432113","triggerRegion":"nam5","eventType":"google.cloud.firestore.document.v1.updated","eventFilters":[{"attribute":"database","value":"(default)"},{"attribute":"namespace","value":"(default)"},{"attribute":"document","value":"events/{eventId}","operator":"match-path-pattern"}],"pubsubTopic":"projects/squad-calendar-33507/topics/eventarc-nam5-notifyonapproval-432113-098","serviceAccountEmail":"680912216838-compute@developer.gserviceaccount.com","retryPolicy":"RETRY_POLICY_DO_NOT_RETRY"},"state":"ACTIVE","labels":{"deployment-tool":"cli-firebase","firebase-functions-hash":"5f1b92f554692036b13f3c932535a3bd9bceade3"},"environment":"GEN_2","url":"https://us-central1-squad-calendar-33507.cloudfunctions.net/notifyOnApproval","satisfiesPzi":true},"stages":[{"name":"BUILD","message":"Build in progress","state":"IN_PROGRESS","resource":"projects/680912216838/locations/us-central1/builds/aedbe639-b993-4169-8acd-c65cc1a69bf2","resourceUri":"https://console.cloud.google.com/cloud-build/builds;region=us-central1/aedbe639-b993-4169-8acd-c65cc1a69bf2?project=680912216838"},{"name":"SERVICE","state":"NOT_STARTED"},{"name":"TRIGGER","state":"NOT_STARTED"}],"operationType":"UPDATE_FUNCTION","buildName":"projects/680912216838/locations/us-central1/builds/aedbe639-b993-4169-8acd-c65cc1a69bf2"},"done":false}
[debug] [2026-07-20T03:56:26.102Z] [update-default-us-central1-notifyOnApproval] Retrying task index 0
[debug] [2026-07-20T03:56:26.103Z] Checked if tokens are valid: true, expires at: 1784522058779
[debug] [2026-07-20T03:56:26.103Z] Checked if tokens are valid: true, expires at: 1784522058779
[debug] [2026-07-20T03:56:26.103Z] >>> [apiv2][query] GET https://cloudfunctions.googleapis.com/v2/projects/squad-calendar-33507/locations/us-central1/operations/operation-1784519776598-65702e360f979-4076f3e4-9727a3c6 [none]
[debug] [2026-07-20T03:56:26.442Z] <<< [apiv2][status] GET https://cloudfunctions.googleapis.com/v2/projects/squad-calendar-33507/locations/us-central1/operations/operation-1784519776598-65702e360f979-4076f3e4-9727a3c6 200
[debug] [2026-07-20T03:56:26.443Z] <<< [apiv2][body] GET https://cloudfunctions.googleapis.com/v2/projects/squad-calendar-33507/locations/us-central1/operations/operation-1784519776598-65702e360f979-4076f3e4-9727a3c6 {"name":"projects/squad-calendar-33507/locations/us-central1/operations/operation-1784519776598-65702e360f979-4076f3e4-9727a3c6","metadata":{"@type":"type.googleapis.com/google.cloud.functions.v2.OperationMetadata","createTime":"2026-07-20T03:56:17.591280308Z","target":"projects/squad-calendar-33507/locations/us-central1/functions/notifyOnApproval","verb":"update","cancelRequested":false,"apiVersion":"v2","requestResource":{"@type":"type.googleapis.com/google.cloud.functions.v2.Function","name":"projects/squad-calendar-33507/locations/us-central1/functions/notifyOnApproval","buildConfig":{"runtime":"nodejs24","entryPoint":"notifyOnApproval","source":{"storageSource":{"bucket":"gcf-v2-sources-680912216838-us-central1","object":"notifyOnApproval/function-source.zip","generation":"1784519777531555"}},"environmentVariables":{"GOOGLE_NODE_RUN_SCRIPTS":""},"dockerRepository":"projects/squad-calendar-33507/locations/us-central1/repositories/gcf-artifacts","sourceProvenance":{"resolvedStorageSource":{"bucket":"gcf-v2-sources-680912216838-us-central1","object":"notifyOnApproval/function-source.zip","generation":"1784519671225839"}},"dockerRegistry":"ARTIFACT_REGISTRY","serviceAccount":"projects/squad-calendar-33507/serviceAccounts/680912216838-compute@developer.gserviceaccount.com","automaticUpdatePolicy":{}},"serviceConfig":{"service":"projects/squad-calendar-33507/locations/us-central1/services/notifyonapproval","timeoutSeconds":60,"environmentVariables":{"TEXTBELT_KEY":"356396e47460130e22529ad7e18d3c8aaa021171obim6AQM2wq7MEzLKZJYdGf72","FIREBASE_CONFIG":"{\"projectId\":\"squad-calendar-33507\",\"storageBucket\":\"squad-calendar-33507.firebasestorage.app\"}","GCLOUD_PROJECT":"squad-calendar-33507","EVENTARC_CLOUD_EVENT_SOURCE":"projects/squad-calendar-33507/locations/us-central1/services/notifyOnApproval","FUNCTION_SIGNATURE_TYPE":"cloudevent","FUNCTION_TARGET":"notifyOnApproval","LOG_EXECUTION_ID":"true"},"maxInstanceCount":10,"ingressSettings":"ALLOW_ALL","uri":"https://notifyonapproval-3aaxngkyua-uc.a.run.app","serviceAccountEmail":"680912216838-compute@developer.gserviceaccount.com","availableMemory":"256Mi","allTrafficOnLatestRevision":true,"revision":"notifyonapproval-00010-wof","maxInstanceRequestConcurrency":80,"availableCpu":"1"},"eventTrigger":{"trigger":"projects/squad-calendar-33507/locations/nam5/triggers/notifyonapproval-432113","triggerRegion":"nam5","eventType":"google.cloud.firestore.document.v1.updated","eventFilters":[{"attribute":"database","value":"(default)"},{"attribute":"namespace","value":"(default)"},{"attribute":"document","value":"events/{eventId}","operator":"match-path-pattern"}],"pubsubTopic":"projects/squad-calendar-33507/topics/eventarc-nam5-notifyonapproval-432113-098","serviceAccountEmail":"680912216838-compute@developer.gserviceaccount.com","retryPolicy":"RETRY_POLICY_DO_NOT_RETRY"},"state":"ACTIVE","labels":{"deployment-tool":"cli-firebase","firebase-functions-hash":"5f1b92f554692036b13f3c932535a3bd9bceade3"},"environment":"GEN_2","url":"https://us-central1-squad-calendar-33507.cloudfunctions.net/notifyOnApproval","satisfiesPzi":true},"stages":[{"name":"BUILD","message":"Build in progress","state":"IN_PROGRESS","resource":"projects/680912216838/locations/us-central1/builds/aedbe639-b993-4169-8acd-c65cc1a69bf2","resourceUri":"https://console.cloud.google.com/cloud-build/builds;region=us-central1/aedbe639-b993-4169-8acd-c65cc1a69bf2?project=680912216838"},{"name":"SERVICE","state":"NOT_STARTED"},{"name":"TRIGGER","state":"NOT_STARTED"}],"operationType":"UPDATE_FUNCTION","buildName":"projects/680912216838/locations/us-central1/builds/aedbe639-b993-4169-8acd-c65cc1a69bf2"},"done":false}
[debug] [2026-07-20T03:56:34.444Z] [update-default-us-central1-notifyOnApproval] Retrying task index 0
[debug] [2026-07-20T03:56:34.445Z] Checked if tokens are valid: true, expires at: 1784522058779
[debug] [2026-07-20T03:56:34.445Z] Checked if tokens are valid: true, expires at: 1784522058779
[debug] [2026-07-20T03:56:34.446Z] >>> [apiv2][query] GET https://cloudfunctions.googleapis.com/v2/projects/squad-calendar-33507/locations/us-central1/operations/operation-1784519776598-65702e360f979-4076f3e4-9727a3c6 [none]
[debug] [2026-07-20T03:56:34.660Z] <<< [apiv2][status] GET https://cloudfunctions.googleapis.com/v2/projects/squad-calendar-33507/locations/us-central1/operations/operation-1784519776598-65702e360f979-4076f3e4-9727a3c6 200
[debug] [2026-07-20T03:56:34.660Z] <<< [apiv2][body] GET https://cloudfunctions.googleapis.com/v2/projects/squad-calendar-33507/locations/us-central1/operations/operation-1784519776598-65702e360f979-4076f3e4-9727a3c6 {"name":"projects/squad-calendar-33507/locations/us-central1/operations/operation-1784519776598-65702e360f979-4076f3e4-9727a3c6","metadata":{"@type":"type.googleapis.com/google.cloud.functions.v2.OperationMetadata","createTime":"2026-07-20T03:56:17.591280308Z","target":"projects/squad-calendar-33507/locations/us-central1/functions/notifyOnApproval","verb":"update","cancelRequested":false,"apiVersion":"v2","requestResource":{"@type":"type.googleapis.com/google.cloud.functions.v2.Function","name":"projects/squad-calendar-33507/locations/us-central1/functions/notifyOnApproval","buildConfig":{"runtime":"nodejs24","entryPoint":"notifyOnApproval","source":{"storageSource":{"bucket":"gcf-v2-sources-680912216838-us-central1","object":"notifyOnApproval/function-source.zip","generation":"1784519777531555"}},"environmentVariables":{"GOOGLE_NODE_RUN_SCRIPTS":""},"dockerRepository":"projects/squad-calendar-33507/locations/us-central1/repositories/gcf-artifacts","sourceProvenance":{"resolvedStorageSource":{"bucket":"gcf-v2-sources-680912216838-us-central1","object":"notifyOnApproval/function-source.zip","generation":"1784519671225839"}},"dockerRegistry":"ARTIFACT_REGISTRY","serviceAccount":"projects/squad-calendar-33507/serviceAccounts/680912216838-compute@developer.gserviceaccount.com","automaticUpdatePolicy":{}},"serviceConfig":{"service":"projects/squad-calendar-33507/locations/us-central1/services/notifyonapproval","timeoutSeconds":60,"environmentVariables":{"TEXTBELT_KEY":"356396e47460130e22529ad7e18d3c8aaa021171obim6AQM2wq7MEzLKZJYdGf72","FIREBASE_CONFIG":"{\"projectId\":\"squad-calendar-33507\",\"storageBucket\":\"squad-calendar-33507.firebasestorage.app\"}","GCLOUD_PROJECT":"squad-calendar-33507","EVENTARC_CLOUD_EVENT_SOURCE":"projects/squad-calendar-33507/locations/us-central1/services/notifyOnApproval","FUNCTION_SIGNATURE_TYPE":"cloudevent","FUNCTION_TARGET":"notifyOnApproval","LOG_EXECUTION_ID":"true"},"maxInstanceCount":10,"ingressSettings":"ALLOW_ALL","uri":"https://notifyonapproval-3aaxngkyua-uc.a.run.app","serviceAccountEmail":"680912216838-compute@developer.gserviceaccount.com","availableMemory":"256Mi","allTrafficOnLatestRevision":true,"revision":"notifyonapproval-00010-wof","maxInstanceRequestConcurrency":80,"availableCpu":"1"},"eventTrigger":{"trigger":"projects/squad-calendar-33507/locations/nam5/triggers/notifyonapproval-432113","triggerRegion":"nam5","eventType":"google.cloud.firestore.document.v1.updated","eventFilters":[{"attribute":"database","value":"(default)"},{"attribute":"namespace","value":"(default)"},{"attribute":"document","value":"events/{eventId}","operator":"match-path-pattern"}],"pubsubTopic":"projects/squad-calendar-33507/topics/eventarc-nam5-notifyonapproval-432113-098","serviceAccountEmail":"680912216838-compute@developer.gserviceaccount.com","retryPolicy":"RETRY_POLICY_DO_NOT_RETRY"},"state":"ACTIVE","labels":{"deployment-tool":"cli-firebase","firebase-functions-hash":"5f1b92f554692036b13f3c932535a3bd9bceade3"},"environment":"GEN_2","url":"https://us-central1-squad-calendar-33507.cloudfunctions.net/notifyOnApproval","satisfiesPzi":true},"stages":[{"name":"BUILD","message":"Build in progress","state":"IN_PROGRESS","resource":"projects/680912216838/locations/us-central1/builds/aedbe639-b993-4169-8acd-c65cc1a69bf2","resourceUri":"https://console.cloud.google.com/cloud-build/builds;region=us-central1/aedbe639-b993-4169-8acd-c65cc1a69bf2?project=680912216838"},{"name":"SERVICE","state":"NOT_STARTED"},{"name":"TRIGGER","state":"NOT_STARTED"}],"operationType":"UPDATE_FUNCTION","buildName":"projects/680912216838/locations/us-central1/builds/aedbe639-b993-4169-8acd-c65cc1a69bf2"},"done":false}
[debug] [2026-07-20T03:56:44.661Z] [update-default-us-central1-notifyOnApproval] Retrying task index 0
[debug] [2026-07-20T03:56:44.663Z] Checked if tokens are valid: true, expires at: 1784522058779
[debug] [2026-07-20T03:56:44.663Z] Checked if tokens are valid: true, expires at: 1784522058779
[debug] [2026-07-20T03:56:44.663Z] >>> [apiv2][query] GET https://cloudfunctions.googleapis.com/v2/projects/squad-calendar-33507/locations/us-central1/operations/operation-1784519776598-65702e360f979-4076f3e4-9727a3c6 [none]
[debug] [2026-07-20T03:56:45.028Z] <<< [apiv2][status] GET https://cloudfunctions.googleapis.com/v2/projects/squad-calendar-33507/locations/us-central1/operations/operation-1784519776598-65702e360f979-4076f3e4-9727a3c6 200
[debug] [2026-07-20T03:56:45.029Z] <<< [apiv2][body] GET https://cloudfunctions.googleapis.com/v2/projects/squad-calendar-33507/locations/us-central1/operations/operation-1784519776598-65702e360f979-4076f3e4-9727a3c6 {"name":"projects/squad-calendar-33507/locations/us-central1/operations/operation-1784519776598-65702e360f979-4076f3e4-9727a3c6","metadata":{"@type":"type.googleapis.com/google.cloud.functions.v2.OperationMetadata","createTime":"2026-07-20T03:56:17.591280308Z","target":"projects/squad-calendar-33507/locations/us-central1/functions/notifyOnApproval","verb":"update","cancelRequested":false,"apiVersion":"v2","requestResource":{"@type":"type.googleapis.com/google.cloud.functions.v2.Function","name":"projects/squad-calendar-33507/locations/us-central1/functions/notifyOnApproval","buildConfig":{"runtime":"nodejs24","entryPoint":"notifyOnApproval","source":{"storageSource":{"bucket":"gcf-v2-sources-680912216838-us-central1","object":"notifyOnApproval/function-source.zip","generation":"1784519777531555"}},"environmentVariables":{"GOOGLE_NODE_RUN_SCRIPTS":""},"dockerRepository":"projects/squad-calendar-33507/locations/us-central1/repositories/gcf-artifacts","sourceProvenance":{"resolvedStorageSource":{"bucket":"gcf-v2-sources-680912216838-us-central1","object":"notifyOnApproval/function-source.zip","generation":"1784519671225839"}},"dockerRegistry":"ARTIFACT_REGISTRY","serviceAccount":"projects/squad-calendar-33507/serviceAccounts/680912216838-compute@developer.gserviceaccount.com","automaticUpdatePolicy":{}},"serviceConfig":{"service":"projects/squad-calendar-33507/locations/us-central1/services/notifyonapproval","timeoutSeconds":60,"environmentVariables":{"TEXTBELT_KEY":"356396e47460130e22529ad7e18d3c8aaa021171obim6AQM2wq7MEzLKZJYdGf72","FIREBASE_CONFIG":"{\"projectId\":\"squad-calendar-33507\",\"storageBucket\":\"squad-calendar-33507.firebasestorage.app\"}","GCLOUD_PROJECT":"squad-calendar-33507","EVENTARC_CLOUD_EVENT_SOURCE":"projects/squad-calendar-33507/locations/us-central1/services/notifyOnApproval","FUNCTION_SIGNATURE_TYPE":"cloudevent","FUNCTION_TARGET":"notifyOnApproval","LOG_EXECUTION_ID":"true"},"maxInstanceCount":10,"ingressSettings":"ALLOW_ALL","uri":"https://notifyonapproval-3aaxngkyua-uc.a.run.app","serviceAccountEmail":"680912216838-compute@developer.gserviceaccount.com","availableMemory":"256Mi","allTrafficOnLatestRevision":true,"revision":"notifyonapproval-00010-wof","maxInstanceRequestConcurrency":80,"availableCpu":"1"},"eventTrigger":{"trigger":"projects/squad-calendar-33507/locations/nam5/triggers/notifyonapproval-432113","triggerRegion":"nam5","eventType":"google.cloud.firestore.document.v1.updated","eventFilters":[{"attribute":"database","value":"(default)"},{"attribute":"namespace","value":"(default)"},{"attribute":"document","value":"events/{eventId}","operator":"match-path-pattern"}],"pubsubTopic":"projects/squad-calendar-33507/topics/eventarc-nam5-notifyonapproval-432113-098","serviceAccountEmail":"680912216838-compute@developer.gserviceaccount.com","retryPolicy":"RETRY_POLICY_DO_NOT_RETRY"},"state":"ACTIVE","labels":{"deployment-tool":"cli-firebase","firebase-functions-hash":"5f1b92f554692036b13f3c932535a3bd9bceade3"},"environment":"GEN_2","url":"https://us-central1-squad-calendar-33507.cloudfunctions.net/notifyOnApproval","satisfiesPzi":true},"stages":[{"name":"BUILD","message":"Build in progress","state":"IN_PROGRESS","resource":"projects/680912216838/locations/us-central1/builds/aedbe639-b993-4169-8acd-c65cc1a69bf2","resourceUri":"https://console.cloud.google.com/cloud-build/builds;region=us-central1/aedbe639-b993-4169-8acd-c65cc1a69bf2?project=680912216838"},{"name":"SERVICE","state":"NOT_STARTED"},{"name":"TRIGGER","state":"NOT_STARTED"}],"operationType":"UPDATE_FUNCTION","buildName":"projects/680912216838/locations/us-central1/builds/aedbe639-b993-4169-8acd-c65cc1a69bf2"},"done":false}
[debug] [2026-07-20T03:56:55.031Z] [update-default-us-central1-notifyOnApproval] Retrying task index 0
[debug] [2026-07-20T03:56:55.032Z] Checked if tokens are valid: true, expires at: 1784522058779
[debug] [2026-07-20T03:56:55.032Z] Checked if tokens are valid: true, expires at: 1784522058779
[debug] [2026-07-20T03:56:55.032Z] >>> [apiv2][query] GET https://cloudfunctions.googleapis.com/v2/projects/squad-calendar-33507/locations/us-central1/operations/operation-1784519776598-65702e360f979-4076f3e4-9727a3c6 [none]
[debug] [2026-07-20T03:56:55.281Z] <<< [apiv2][status] GET https://cloudfunctions.googleapis.com/v2/projects/squad-calendar-33507/locations/us-central1/operations/operation-1784519776598-65702e360f979-4076f3e4-9727a3c6 200
[debug] [2026-07-20T03:56:55.281Z] <<< [apiv2][body] GET https://cloudfunctions.googleapis.com/v2/projects/squad-calendar-33507/locations/us-central1/operations/operation-1784519776598-65702e360f979-4076f3e4-9727a3c6 {"name":"projects/squad-calendar-33507/locations/us-central1/operations/operation-1784519776598-65702e360f979-4076f3e4-9727a3c6","metadata":{"@type":"type.googleapis.com/google.cloud.functions.v2.OperationMetadata","createTime":"2026-07-20T03:56:17.591280308Z","target":"projects/squad-calendar-33507/locations/us-central1/functions/notifyOnApproval","verb":"update","cancelRequested":false,"apiVersion":"v2","requestResource":{"@type":"type.googleapis.com/google.cloud.functions.v2.Function","name":"projects/squad-calendar-33507/locations/us-central1/functions/notifyOnApproval","buildConfig":{"runtime":"nodejs24","entryPoint":"notifyOnApproval","source":{"storageSource":{"bucket":"gcf-v2-sources-680912216838-us-central1","object":"notifyOnApproval/function-source.zip","generation":"1784519777531555"}},"environmentVariables":{"GOOGLE_NODE_RUN_SCRIPTS":""},"dockerRepository":"projects/squad-calendar-33507/locations/us-central1/repositories/gcf-artifacts","sourceProvenance":{"resolvedStorageSource":{"bucket":"gcf-v2-sources-680912216838-us-central1","object":"notifyOnApproval/function-source.zip","generation":"1784519671225839"}},"dockerRegistry":"ARTIFACT_REGISTRY","serviceAccount":"projects/squad-calendar-33507/serviceAccounts/680912216838-compute@developer.gserviceaccount.com","automaticUpdatePolicy":{}},"serviceConfig":{"service":"projects/squad-calendar-33507/locations/us-central1/services/notifyonapproval","timeoutSeconds":60,"environmentVariables":{"TEXTBELT_KEY":"356396e47460130e22529ad7e18d3c8aaa021171obim6AQM2wq7MEzLKZJYdGf72","FIREBASE_CONFIG":"{\"projectId\":\"squad-calendar-33507\",\"storageBucket\":\"squad-calendar-33507.firebasestorage.app\"}","GCLOUD_PROJECT":"squad-calendar-33507","EVENTARC_CLOUD_EVENT_SOURCE":"projects/squad-calendar-33507/locations/us-central1/services/notifyOnApproval","FUNCTION_SIGNATURE_TYPE":"cloudevent","FUNCTION_TARGET":"notifyOnApproval","LOG_EXECUTION_ID":"true"},"maxInstanceCount":10,"ingressSettings":"ALLOW_ALL","uri":"https://notifyonapproval-3aaxngkyua-uc.a.run.app","serviceAccountEmail":"680912216838-compute@developer.gserviceaccount.com","availableMemory":"256Mi","allTrafficOnLatestRevision":true,"revision":"notifyonapproval-00010-wof","maxInstanceRequestConcurrency":80,"availableCpu":"1"},"eventTrigger":{"trigger":"projects/squad-calendar-33507/locations/nam5/triggers/notifyonapproval-432113","triggerRegion":"nam5","eventType":"google.cloud.firestore.document.v1.updated","eventFilters":[{"attribute":"database","value":"(default)"},{"attribute":"namespace","value":"(default)"},{"attribute":"document","value":"events/{eventId}","operator":"match-path-pattern"}],"pubsubTopic":"projects/squad-calendar-33507/topics/eventarc-nam5-notifyonapproval-432113-098","serviceAccountEmail":"680912216838-compute@developer.gserviceaccount.com","retryPolicy":"RETRY_POLICY_DO_NOT_RETRY"},"state":"ACTIVE","labels":{"deployment-tool":"cli-firebase","firebase-functions-hash":"5f1b92f554692036b13f3c932535a3bd9bceade3"},"environment":"GEN_2","url":"https://us-central1-squad-calendar-33507.cloudfunctions.net/notifyOnApproval","satisfiesPzi":true},"stages":[{"name":"BUILD","message":"Build in progress","state":"IN_PROGRESS","resource":"projects/680912216838/locations/us-central1/builds/aedbe639-b993-4169-8acd-c65cc1a69bf2","resourceUri":"https://console.cloud.google.com/cloud-build/builds;region=us-central1/aedbe639-b993-4169-8acd-c65cc1a69bf2?project=680912216838"},{"name":"SERVICE","state":"NOT_STARTED"},{"name":"TRIGGER","state":"NOT_STARTED"}],"operationType":"UPDATE_FUNCTION","buildName":"projects/680912216838/locations/us-central1/builds/aedbe639-b993-4169-8acd-c65cc1a69bf2"},"done":false}
